Building DAG of jobs...
Using shell: /bin/bash
Provided cores: 28
Rules claiming more threads will be scaled down.
Job counts:
	count	jobs
	1	bam2bigwig
	1

[Mon Oct 28 11:42:38 2019]
rule bam2bigwig:
    input: 03featureCounts/ISC-Pcgf24KO-rep1/ISC-Pcgf24KO-rep1.bam.featureCounts.sam
    output: 05bigwig/ISC-Pcgf24KO-rep1.bw
    log: 00log/bam2bigwig/ISC-Pcgf24KO-rep1.log
    jobid: 0
    wildcards: sample=ISC-Pcgf24KO-rep1
    threads: 5

Activating singularity image /hpcnfs/data/DP/Singularity/rnaseq-snakemake.simg
[bam_sort_core] merging from 0 files and 5 in-memory blocks...
[Mon Oct 28 11:54:20 2019]
Finished job 0.
1 of 1 steps (100%) done
