Building DAG of jobs...
Using shell: /bin/bash
Provided cores: 28
Rules claiming more threads will be scaled down.
Job counts:
	count	jobs
	1	bam2bigwig
	1

[Mon Oct 28 11:38:31 2019]
rule bam2bigwig:
    input: 03featureCounts/ISC-WT-rep2/ISC-WT-rep2.bam.featureCounts.sam
    output: 05bigwig/ISC-WT-rep2.bw
    log: 00log/bam2bigwig/ISC-WT-rep2.log
    jobid: 0
    wildcards: sample=ISC-WT-rep2
    threads: 5

Activating singularity image /hpcnfs/data/DP/Singularity/rnaseq-snakemake.simg
[bam_sort_core] merging from 0 files and 5 in-memory blocks...
[Mon Oct 28 11:52:54 2019]
Finished job 0.
1 of 1 steps (100%) done
