Building DAG of jobs...
Using shell: /bin/bash
Provided cores: 28
Rules claiming more threads will be scaled down.
Job counts:
	count	jobs
	1	deg_analysis
	1

[Mon Oct 28 12:28:10 2019]
rule deg_analysis:
    input: 04deseq2/P24KO-vs-WT/log2fc1.5_pval0.05/P24KO-vs-WT_diffexp_log2fc1.5_pval0.05.tsv
    output: 04deseq2/P24KO-vs-WT/log2fc1.5_pval0.05/P24KO-vs-WT_enrichments_log2fc1.5_pval0.05.xlsx, 04deseq2/P24KO-vs-WT/log2fc1.5_pval0.05/P24KO-vs-WT_volcano_log2fc1.5_pval0.05.pdf
    log: 00log/deseq2/P24KO-vs-WT.log2fc1.5_pval0.05.deg_analysis.log
    jobid: 0
    wildcards: contrast=P24KO-vs-WT, log2fc=1.5, pvalue=0.05

Activating singularity image /hpcnfs/data/DP/Singularity/rnaseq-snakemake.simg
[Mon Oct 28 12:29:22 2019]
Error in rule deg_analysis:
    jobid: 0
    output: 04deseq2/P24KO-vs-WT/log2fc1.5_pval0.05/P24KO-vs-WT_enrichments_log2fc1.5_pval0.05.xlsx, 04deseq2/P24KO-vs-WT/log2fc1.5_pval0.05/P24KO-vs-WT_volcano_log2fc1.5_pval0.05.pdf
    log: 00log/deseq2/P24KO-vs-WT.log2fc1.5_pval0.05.deg_analysis.log

RuleException:
CalledProcessError in line 71 of /hpcnfs/data/DP/SnakemakePipelines/RNAseq-snakemake/rules/diffExp.smk:
Command ' singularity exec --home /hpcnfs/data/DP/SnakemakePipelines/RNAseq-snakemake --bind /hpcnfs --bind /hpcnfs/home/ieo4462/.conda/envs/snakemake/lib/python3.6/site-packages:/mnt/snakemake /hpcnfs/data/DP/Singularity/rnaseq-snakemake.simg bash -c 'set -euo pipefail;  Rscript --vanilla /hpcnfs/data/DP/SnakemakePipelines/RNAseq-snakemake/.snakemake/scripts/tmpxif8thn9.Volcano_GOenrichment.R'' returned non-zero exit status 1.
  File "/hpcnfs/data/DP/SnakemakePipelines/RNAseq-snakemake/rules/diffExp.smk", line 71, in __rule_deg_analysis
  File "/hpcnfs/home/ieo4462/.conda/envs/snakemake/lib/python3.6/concurrent/futures/thread.py", line 56, in run
Removing output files of failed job deg_analysis since they might be corrupted:
04deseq2/P24KO-vs-WT/log2fc1.5_pval0.05/P24KO-vs-WT_volcano_log2fc1.5_pval0.05.pdf
Shutting down, this might take some time.
Exiting because a job execution failed. Look above for error message
