Building DAG of jobs...
Using shell: /bin/bash
Provided cores: 28
Rules claiming more threads will be scaled down.
Job counts:
	count	jobs
	1	featureCounts
	1

[Mon Oct 28 11:37:54 2019]
rule featureCounts:
    input: 02alignments/ISC-Pcgf6KO-rep2/ISC-Pcgf6KO-rep2.bam
    output: 03featureCounts/ISC-Pcgf6KO-rep2/ISC-Pcgf6KO-rep2.bam.featureCounts.sam, 03featureCounts/ISC-Pcgf6KO-rep2/ISC-Pcgf6KO-rep2.featureCounts, 03featureCounts/ISC-Pcgf6KO-rep2/ISC-Pcgf6KO-rep2.featureCounts.summary, 03featureCounts/ISC-Pcgf6KO-rep2/ISC-Pcgf6KO-rep2.counts, 03featureCounts/ISC-Pcgf6KO-rep2/ISC-Pcgf6KO-rep2.rpkm
    log: 00log/featureCounts/ISC-Pcgf6KO-rep2.log
    jobid: 0
    wildcards: sample=ISC-Pcgf6KO-rep2
    threads: 5

Activating singularity image /hpcnfs/data/DP/Singularity/rnaseq-snakemake.simg
[Mon Oct 28 11:38:29 2019]
Finished job 0.
1 of 1 steps (100%) done
