Building DAG of jobs...
Using shell: /bin/bash
Provided cores: 28
Rules claiming more threads will be scaled down.
Job counts:
	count	jobs
	1	featureCounts
	1

[Mon Oct 28 11:49:13 2019]
rule featureCounts:
    input: 02alignments/ISC-Pcgf35KO-rep1/ISC-Pcgf35KO-rep1.bam
    output: 03featureCounts/ISC-Pcgf35KO-rep1/ISC-Pcgf35KO-rep1.bam.featureCounts.sam, 03featureCounts/ISC-Pcgf35KO-rep1/ISC-Pcgf35KO-rep1.featureCounts, 03featureCounts/ISC-Pcgf35KO-rep1/ISC-Pcgf35KO-rep1.featureCounts.summary, 03featureCounts/ISC-Pcgf35KO-rep1/ISC-Pcgf35KO-rep1.counts, 03featureCounts/ISC-Pcgf35KO-rep1/ISC-Pcgf35KO-rep1.rpkm
    log: 00log/featureCounts/ISC-Pcgf35KO-rep1.log
    jobid: 0
    wildcards: sample=ISC-Pcgf35KO-rep1
    threads: 5

Activating singularity image /hpcnfs/data/DP/Singularity/rnaseq-snakemake.simg
[Mon Oct 28 11:50:14 2019]
Finished job 0.
1 of 1 steps (100%) done
