Building DAG of jobs...
Using shell: /bin/bash
Provided cores: 28
Rules claiming more threads will be scaled down.
Job counts:
	count	jobs
	1	rseqc_readdis
	1

[Mon Oct 28 11:41:48 2019]
rule rseqc_readdis:
    input: 02alignments/ISC-WT-rep2/ISC-WT-rep2.bam, 01qc/rseqc/annotation.bed
    output: 01qc/rseqc/ISC-WT-rep2.read_distribution.txt
    log: 00log/rseqc/rseqc_readdis/ISC-WT-rep2.log
    jobid: 0
    wildcards: sample=ISC-WT-rep2
    priority: 1

Activating singularity image /hpcnfs/data/DP/Singularity/rnaseq-snakemake.simg
[Mon Oct 28 11:43:05 2019]
Finished job 0.
1 of 1 steps (100%) done
