/hpcnfs/home/ieo4462/.conda/envs/snakemake/lib/python3.6/site-packages/snakemake/workflow.py:18: FutureWarning: read_table is deprecated, use read_csv instead, passing sep='\t'.
  
/hpcnfs/home/ieo4462/.conda/envs/snakemake/lib/python3.6/site-packages/snakemake/workflow.py:21: FutureWarning: read_table is deprecated, use read_csv instead, passing sep='\t'.
  from snakemake.exceptions import RuleException, CreateRuleException, \
Building DAG of jobs...
Using shell: /bin/bash
Provided cores: 28
Rules claiming more threads will be scaled down.
Job counts:
	count	jobs
	1	rseqc_gtf2bed
	1

[Mon Mar 25 19:16:13 2019]
rule rseqc_gtf2bed:
    input: /hpcnfs/data/DP/Databases/STAR_mm10/gencode.vM19.primary_assembly.annotation.gtf
    output: 01qc/rseqc/annotation.bed, 01qc/rseqc/annotation.db
    log: 00log/rseqc_gtf2bed.log
    jobid: 0

Activating singularity image /hpcnfs/data/DP/Singularity/rnaseq-snakemake.simg
Waiting at most 120 seconds for missing files.
MissingOutputException in line 24 of /hpcnfs/data/DP/SnakemakePipelines/RNAseq-snakemake/qc.smk:
Missing files after 120 seconds:
01qc/rseqc/annotation.db
This might be due to filesystem latency. If that is the case, consider to increase the wait time with --latency-wait.
Removing output files of failed job rseqc_gtf2bed since they might be corrupted:
01qc/rseqc/annotation.bed
Shutting down, this might take some time.
Exiting because a job execution failed. Look above for error message
