Building DAG of jobs...
Using shell: /bin/bash
Provided cores: 28
Rules claiming more threads will be scaled down.
Job counts:
	count	jobs
	1	star
	1

[Mon Oct 28 11:33:21 2019]
rule star:
    input: fastq/ISC-WT-rep1.se.fastq
    output: 02alignments/ISC-WT-rep1/ISC-WT-rep1.bam, 02alignments/ISC-WT-rep1/ISC-WT-rep1.bam.bai, 02alignments/ISC-WT-rep1/Log.final.out
    log: 00log/alignments/ISC-WT-rep1.log, 00log/alignments/rm_dup/ISC-WT-rep1.log
    jobid: 0
    wildcards: sample=ISC-WT-rep1
    threads: 10

Activating singularity image /hpcnfs/data/DP/Singularity/rnaseq-snakemake.simg
[Mon Oct 28 11:37:43 2019]
Finished job 0.
1 of 1 steps (100%) done
